[www.kotech.io/index.html]
[backblue.gif]
[fade.gif]
[index.html]
[cdnjs.cloudflare.com/ajax/libs/font-awesome/6.0.0/css/all.min.css]
[www.kotech.io/static/images/apple-touch-icon.png]
[www.kotech.io/static/images/favicon-32x32.png]
[www.kotech.io/static/images/favicon-16x16.png]
[www.kotech.io/static/images/site.webmanifest]
[www.kotech.io/static/images/KOTECH_LOGO-02.png]
[www.kotech.io/static/images/barcode.png]
[www.kotech.io/kotech.io]
[www.kotech.io/media/images/New_Project_16_xO0ndFt.png]
[www.kotech.io/static/images/sponsor1.png]
[www.kotech.io/static/images/sponsor2.png]
[www.kotech.io/static/images/sponsor3.png]
[www.kotech.io/static/images/sponsor4.png]
[www.kotech.io/static/images/sponsor5.png]
[www.kotech.io/static/images/sponsor6.png]
[www.kotech.io/index.html]
[cdnjs.cloudflare.com/ajax/libs/font-awesome/6.0.0/css/all.min.css]
[www.kotech.io/static/images/hero_bg.png]
[www.kotech.io/static/css/home.css]
[www.kotech.io/kotech.html]
